<?xml version="1.0" encoding="UTF-8"?>
<testng-results ignored="0" total="2" passed="2" failed="0" skipped="0">
  <reporter-output>
  </reporter-output>
  <suite started-at="2019-05-09T21:39:11Z" name="Suite" finished-at="2019-05-09T21:39:32Z" duration-ms="21452">
    <groups>
    </groups>
    <test started-at="2019-05-09T21:39:11Z" name="Test" finished-at="2019-05-09T21:39:32Z" duration-ms="21452">
      <class name="com.demout.newtours.alltest.VarifyLogin">
        <test-method is-config="true" signature="openBrowser()[pri:0, instance:com.demout.newtours.alltest.VarifyLogin@143640d5]" started-at="2019-05-09T21:39:23Z" name="openBrowser" finished-at="2019-05-09T21:39:28Z" duration-ms="4870" status="PASS">
          <reporter-output>
          </reporter-output>
        </test-method> <!-- openBrowser -->
        <test-method signature="varify()[pri:0, instance:com.demout.newtours.alltest.VarifyLogin@143640d5]" started-at="2019-05-09T21:39:28Z" name="varify" finished-at="2019-05-09T21:39:32Z" duration-ms="4345" status="PASS">
          <reporter-output>
          </reporter-output>
        </test-method> <!-- varify -->
        <test-method is-config="true" signature="closeBrowser()[pri:0, instance:com.demout.newtours.alltest.VarifyLogin@143640d5]" started-at="2019-05-09T21:39:32Z" name="closeBrowser" finished-at="2019-05-09T21:39:32Z" duration-ms="90" status="PASS">
          <reporter-output>
          </reporter-output>
        </test-method> <!-- closeBrowser -->
      </class> <!-- com.demout.newtours.alltest.VarifyLogin -->
      <class name="com.demout.newtours.alltest.FlightConfirationMessge">
        <test-method is-config="true" signature="openBrowser()[pri:0, instance:com.demout.newtours.alltest.FlightConfirationMessge@21507a04]" started-at="2019-05-09T21:39:11Z" name="openBrowser" finished-at="2019-05-09T21:39:16Z" duration-ms="5637" status="PASS">
          <reporter-output>
          </reporter-output>
        </test-method> <!-- openBrowser -->
        <test-method signature="confirmMessage()[pri:0, instance:com.demout.newtours.alltest.FlightConfirationMessge@21507a04]" started-at="2019-05-09T21:39:16Z" name="confirmMessage" finished-at="2019-05-09T21:39:23Z" duration-ms="6351" status="PASS">
          <reporter-output>
          </reporter-output>
        </test-method> <!-- confirmMessage -->
        <test-method is-config="true" signature="closeBrowser()[pri:0, instance:com.demout.newtours.alltest.FlightConfirationMessge@21507a04]" started-at="2019-05-09T21:39:23Z" name="closeBrowser" finished-at="2019-05-09T21:39:23Z" duration-ms="135" status="PASS">
          <reporter-output>
          </reporter-output>
        </test-method> <!-- closeBrowser -->
      </class> <!-- com.demout.newtours.alltest.FlightConfirationMessge -->
    </test> <!-- Test -->
  </suite> <!-- Suite -->
</testng-results>
